TN:
SF:electron/main.ts
FN:12,createWindow
FN:30,(anonymous_2)
FN:39,(anonymous_3)
FN:44,createAlertWindow
FN:66,(anonymous_5)
FN:71,startTimer
FN:78,(anonymous_7)
FN:97,cancelTimer
FN:104,recreateMainWindow
FN:112,(anonymous_10)
FN:119,(anonymous_11)
FN:122,(anonymous_12)
FN:131,(anonymous_13)
FN:137,(anonymous_14)
FN:144,(anonymous_15)
FN:148,(anonymous_16)
FN:152,(anonymous_17)
FN:173,(anonymous_18)
FNF:18
FNH:14
FNDA:20,createWindow
FNDA:0,(anonymous_2)
FNDA:0,(anonymous_3)
FNDA:4,createAlertWindow
FNDA:0,(anonymous_5)
FNDA:9,startTimer
FNDA:6,(anonymous_7)
FNDA:1,cancelTimer
FNDA:1,recreateMainWindow
FNDA:0,(anonymous_10)
FNDA:19,(anonymous_11)
FNDA:2,(anonymous_12)
FNDA:2,(anonymous_13)
FNDA:1,(anonymous_14)
FNDA:9,(anonymous_15)
FNDA:1,(anonymous_16)
FNDA:3,(anonymous_17)
FNDA:1,(anonymous_18)
DA:1,19
DA:2,19
DA:4,19
DA:6,19
DA:7,19
DA:8,19
DA:9,19
DA:10,19
DA:13,20
DA:23,20
DA:24,20
DA:25,0
DA:27,20
DA:30,20
DA:31,0
DA:32,0
DA:33,0
DA:34,0
DA:39,20
DA:40,0
DA:45,4
DA:61,4
DA:64,4
DA:66,4
DA:67,0
DA:72,9
DA:73,1
DA:74,1
DA:76,9
DA:77,9
DA:78,9
DA:79,6
DA:80,6
DA:81,6
DA:83,6
DA:84,4
DA:85,4
DA:86,4
DA:88,4
DA:89,4
DA:91,4
DA:92,4
DA:98,1
DA:99,1
DA:100,1
DA:105,1
DA:106,1
DA:107,1
DA:109,0
DA:110,0
DA:111,0
DA:112,0
DA:113,0
DA:119,19
DA:120,19
DA:122,19
DA:123,2
DA:124,1
DA:125,1
DA:126,1
DA:131,19
DA:132,2
DA:133,1
DA:137,19
DA:138,1
DA:139,1
DA:140,1
DA:144,19
DA:145,9
DA:148,19
DA:149,1
DA:152,19
DA:153,3
DA:154,1
DA:155,1
DA:156,1
DA:158,2
DA:159,1
DA:160,1
DA:161,1
DA:163,1
DA:164,1
DA:165,1
DA:166,1
DA:167,1
DA:169,1
DA:173,19
DA:174,1
DA:175,1
LF:89
LH:77
BRDA:23,0,0,20
BRDA:23,0,1,20
BRDA:24,1,0,0
BRDA:24,1,1,20
BRDA:31,2,0,0
BRDA:31,2,1,0
BRDA:32,3,0,0
BRDA:32,3,1,0
BRDA:34,4,0,0
BRDA:34,4,1,0
BRDA:61,5,0,0
BRDA:61,5,1,4
BRDA:72,6,0,1
BRDA:72,6,1,8
BRDA:80,7,0,6
BRDA:80,7,1,0
BRDA:80,8,0,6
BRDA:80,8,1,6
BRDA:83,9,0,4
BRDA:83,9,1,2
BRDA:84,10,0,4
BRDA:84,10,1,0
BRDA:88,11,0,4
BRDA:88,11,1,0
BRDA:88,12,0,4
BRDA:88,12,1,4
BRDA:91,13,0,4
BRDA:91,13,1,4
BRDA:91,13,2,4
BRDA:92,14,0,4
BRDA:92,14,1,0
BRDA:98,15,0,1
BRDA:98,15,1,0
BRDA:105,16,0,1
BRDA:105,16,1,0
BRDA:105,17,0,1
BRDA:105,17,1,1
BRDA:123,18,0,1
BRDA:123,18,1,1
BRDA:125,19,0,1
BRDA:125,19,1,0
BRDA:125,20,0,1
BRDA:125,20,1,1
BRDA:132,21,0,1
BRDA:132,21,1,1
BRDA:138,22,0,1
BRDA:138,22,1,0
BRDA:153,23,0,1
BRDA:153,23,1,2
BRDA:154,24,0,1
BRDA:154,24,1,0
BRDA:158,25,0,1
BRDA:158,25,1,1
BRDA:159,26,0,1
BRDA:159,26,1,0
BRDA:164,27,0,1
BRDA:164,27,1,0
BRDA:165,28,0,1
BRDA:165,28,1,0
BRDA:174,29,0,1
BRDA:174,29,1,0
BRDA:174,30,0,1
BRDA:174,30,1,1
BRF:63
BRH:42
end_of_record
TN:
SF:src/stores/counter.ts
FN:4,(anonymous_0)
FN:9,(anonymous_1)
FN:16,setTime
FN:22,setRunning
FN:26,reset
FN:31,finish
FNF:6
FNH:6
FNDA:6,(anonymous_0)
FNDA:4,(anonymous_1)
FNDA:7,setTime
FNDA:4,setRunning
FNDA:1,reset
FNDA:1,finish
DA:1,1
DA:2,1
DA:4,1
DA:5,6
DA:6,6
DA:7,6
DA:9,6
DA:10,4
DA:11,4
DA:12,4
DA:13,4
DA:17,7
DA:18,7
DA:19,7
DA:23,4
DA:27,1
DA:28,1
DA:32,1
DA:33,1
DA:36,6
LF:20
LH:20
BRF:0
BRH:0
end_of_record
