TN:
SF:electron/main.ts
FN:12,createWindow
FN:30,(anonymous_2)
FN:39,(anonymous_3)
FN:44,createAlertWindow
FN:66,(anonymous_5)
FN:71,startTimer
FN:78,(anonymous_7)
FN:98,cancelTimer
FN:105,recreateMainWindow
FN:113,(anonymous_10)
FN:120,(anonymous_11)
FN:123,(anonymous_12)
FN:132,(anonymous_13)
FN:138,(anonymous_14)
FN:145,(anonymous_15)
FN:149,(anonymous_16)
FN:153,(anonymous_17)
FN:174,(anonymous_18)
FNF:18
FNH:14
FNDA:21,createWindow
FNDA:0,(anonymous_2)
FNDA:0,(anonymous_3)
FNDA:5,createAlertWindow
FNDA:0,(anonymous_5)
FNDA:10,startTimer
FNDA:7,(anonymous_7)
FNDA:1,cancelTimer
FNDA:1,recreateMainWindow
FNDA:0,(anonymous_10)
FNDA:20,(anonymous_11)
FNDA:2,(anonymous_12)
FNDA:2,(anonymous_13)
FNDA:1,(anonymous_14)
FNDA:10,(anonymous_15)
FNDA:1,(anonymous_16)
FNDA:3,(anonymous_17)
FNDA:1,(anonymous_18)
DA:1,20
DA:2,20
DA:4,20
DA:6,20
DA:7,20
DA:8,20
DA:9,20
DA:10,20
DA:13,21
DA:23,21
DA:24,21
DA:25,0
DA:27,21
DA:30,21
DA:31,0
DA:32,0
DA:33,0
DA:34,0
DA:39,21
DA:40,0
DA:45,5
DA:61,5
DA:64,5
DA:66,5
DA:67,0
DA:72,10
DA:73,1
DA:74,1
DA:76,10
DA:77,10
DA:78,10
DA:79,7
DA:80,7
DA:81,7
DA:83,7
DA:84,5
DA:85,5
DA:86,5
DA:88,5
DA:89,5
DA:91,5
DA:92,5
DA:93,5
DA:99,1
DA:100,1
DA:101,1
DA:106,1
DA:107,1
DA:108,1
DA:110,0
DA:111,0
DA:112,0
DA:113,0
DA:114,0
DA:120,20
DA:121,20
DA:123,20
DA:124,2
DA:125,1
DA:126,1
DA:127,1
DA:132,20
DA:133,2
DA:134,1
DA:138,20
DA:139,1
DA:140,1
DA:141,1
DA:145,20
DA:146,10
DA:149,20
DA:150,1
DA:153,20
DA:154,3
DA:155,1
DA:156,1
DA:157,1
DA:159,2
DA:160,1
DA:161,1
DA:162,1
DA:164,1
DA:165,1
DA:166,1
DA:167,1
DA:168,1
DA:170,1
DA:174,20
DA:175,1
DA:176,1
LF:90
LH:78
BRDA:23,0,0,21
BRDA:23,0,1,21
BRDA:24,1,0,0
BRDA:24,1,1,21
BRDA:31,2,0,0
BRDA:31,2,1,0
BRDA:32,3,0,0
BRDA:32,3,1,0
BRDA:34,4,0,0
BRDA:34,4,1,0
BRDA:44,5,0,0
BRDA:61,6,0,0
BRDA:61,6,1,5
BRDA:72,7,0,1
BRDA:72,7,1,9
BRDA:80,8,0,7
BRDA:80,8,1,0
BRDA:80,9,0,7
BRDA:80,9,1,7
BRDA:83,10,0,5
BRDA:83,10,1,2
BRDA:84,11,0,5
BRDA:84,11,1,0
BRDA:88,12,0,5
BRDA:88,12,1,0
BRDA:88,13,0,5
BRDA:88,13,1,5
BRDA:91,14,0,5
BRDA:91,14,1,5
BRDA:91,14,2,5
BRDA:92,15,0,5
BRDA:92,15,1,0
BRDA:93,16,0,5
BRDA:93,16,1,0
BRDA:99,17,0,1
BRDA:99,17,1,0
BRDA:106,18,0,1
BRDA:106,18,1,0
BRDA:106,19,0,1
BRDA:106,19,1,1
BRDA:124,20,0,1
BRDA:124,20,1,1
BRDA:126,21,0,1
BRDA:126,21,1,0
BRDA:126,22,0,1
BRDA:126,22,1,1
BRDA:133,23,0,1
BRDA:133,23,1,1
BRDA:139,24,0,1
BRDA:139,24,1,0
BRDA:154,25,0,1
BRDA:154,25,1,2
BRDA:155,26,0,1
BRDA:155,26,1,0
BRDA:159,27,0,1
BRDA:159,27,1,1
BRDA:160,28,0,1
BRDA:160,28,1,0
BRDA:165,29,0,1
BRDA:165,29,1,0
BRDA:166,30,0,1
BRDA:166,30,1,0
BRDA:175,31,0,1
BRDA:175,31,1,0
BRDA:175,32,0,1
BRDA:175,32,1,1
BRF:66
BRH:43
end_of_record
TN:
SF:src/stores/counter.ts
FN:4,(anonymous_0)
FN:10,(anonymous_1)
FN:17,setTime
FN:23,setTitle
FN:27,setRunning
FN:31,reset
FN:36,finish
FNF:7
FNH:7
FNDA:7,(anonymous_0)
FNDA:4,(anonymous_1)
FNDA:7,setTime
FNDA:1,setTitle
FNDA:4,setRunning
FNDA:1,reset
FNDA:1,finish
DA:1,1
DA:2,1
DA:4,1
DA:5,7
DA:6,7
DA:7,7
DA:8,7
DA:10,7
DA:11,4
DA:12,4
DA:13,4
DA:14,4
DA:18,7
DA:19,7
DA:20,7
DA:24,1
DA:28,4
DA:32,1
DA:33,1
DA:37,1
DA:38,1
DA:41,7
LF:22
LH:22
BRF:0
BRH:0
end_of_record
